[debug] [2021-02-19T12:22:49.428Z] ----------------------------------------------------------------------
[debug] [2021-02-19T12:22:49.430Z] Command:       C:\Program Files (x86)\nodejs\node.exe C:\Users\EzhilarasiSankar\AppData\Roaming\npm\node_modules\firebase-tools\lib\bin\firebase.js init
[debug] [2021-02-19T12:22:49.431Z] CLI Version:   9.4.0
[debug] [2021-02-19T12:22:49.431Z] Platform:      win32
[debug] [2021-02-19T12:22:49.431Z] Node Version:  v14.15.5
[debug] [2021-02-19T12:22:49.432Z] Time:          Fri Feb 19 2021 17:52:49 GMT+0530 (India Standard Time)
[debug] [2021-02-19T12:22:49.432Z] ----------------------------------------------------------------------
[debug] [2021-02-19T12:22:49.432Z] 
[debug] [2021-02-19T12:22:49.438Z] > command requires scopes: ["email","openid","https://www.googleapis.com/auth/cloudplatformprojects.readonly","https://www.googleapis.com/auth/firebase","https://www.googleapis.com/auth/cloud-platform"]
[debug] [2021-02-19T12:22:49.439Z] > authorizing via signed-in user
[info] 
     ######## #### ########  ######## ########     ###     ######  ########
     ##        ##  ##     ## ##       ##     ##  ##   ##  ##       ##
     ######    ##  ########  ######   ########  #########  ######  ######
     ##        ##  ##    ##  ##       ##     ## ##     ##       ## ##
     ##       #### ##     ## ######## ########  ##     ##  ######  ########

You're about to initialize a Firebase project in this directory:

  C:\Users\EzhilarasiSankar\employee-reg-form

Before we get started, keep in mind:

  * You are initializing in an existing Firebase project directory

[info] 
=== Project Setup
[info] 
[info] First, let's associate this project directory with a Firebase project.
[info] You can create multiple project aliases by running firebase use --add, 
[info] but for now we'll just set up a default project.
[info] 
[info] i  .firebaserc already has a default project, using my-new-ezhil-angular. 
[debug] [2021-02-19T12:22:56.175Z] >>> [apiv2][query] GET https://firebase.googleapis.com/v1beta1/projects/my-new-ezhil-angular [none]
[debug] [2021-02-19T12:23:03.938Z] <<< [apiv2][status] GET https://firebase.googleapis.com/v1beta1/projects/my-new-ezhil-angular 200
[debug] [2021-02-19T12:23:03.939Z] <<< [apiv2][body] GET https://firebase.googleapis.com/v1beta1/projects/my-new-ezhil-angular {"projectId":"my-new-ezhil-angular","projectNumber":"879729335528","displayName":"my-new-ezhil-angular","name":"projects/my-new-ezhil-angular","resources":{"hostingSite":"my-new-ezhil-angular"},"state":"ACTIVE"}
[info] 
=== Hosting Setup
[info] 
[info] Your public directory is the folder (relative to your project directory) that
[info] will contain Hosting assets to be uploaded with firebase deploy. If you
[info] have a build process for your assets, use your build's output directory.
[info] 
[debug] [2021-02-19T12:23:23.202Z] ----------------------------------------------------------------------
[debug] [2021-02-19T12:23:23.204Z] Command:       C:\Program Files (x86)\nodejs\node.exe C:\Users\EzhilarasiSankar\AppData\Roaming\npm\node_modules\firebase-tools\lib\bin\firebase.js init
[debug] [2021-02-19T12:23:23.204Z] CLI Version:   9.4.0
[debug] [2021-02-19T12:23:23.204Z] Platform:      win32
[debug] [2021-02-19T12:23:23.204Z] Node Version:  v14.15.5
[debug] [2021-02-19T12:23:23.206Z] Time:          Fri Feb 19 2021 17:53:23 GMT+0530 (India Standard Time)
[debug] [2021-02-19T12:23:23.206Z] ----------------------------------------------------------------------
[debug] [2021-02-19T12:23:23.206Z] 
[debug] [2021-02-19T12:23:23.214Z] > command requires scopes: ["email","openid","https://www.googleapis.com/auth/cloudplatformprojects.readonly","https://www.googleapis.com/auth/firebase","https://www.googleapis.com/auth/cloud-platform"]
[debug] [2021-02-19T12:23:23.214Z] > authorizing via signed-in user
[info] 
     ######## #### ########  ######## ########     ###     ######  ########
     ##        ##  ##     ## ##       ##     ##  ##   ##  ##       ##
     ######    ##  ########  ######   ########  #########  ######  ######
     ##        ##  ##    ##  ##       ##     ## ##     ##       ## ##
     ##       #### ##     ## ######## ########  ##     ##  ######  ########

You're about to initialize a Firebase project in this directory:

  C:\Users\EzhilarasiSankar\employee-reg-form

Before we get started, keep in mind:

  * You are initializing in an existing Firebase project directory

[info] 
=== Project Setup
[info] 
[info] First, let's associate this project directory with a Firebase project.
[info] You can create multiple project aliases by running firebase use --add, 
[info] but for now we'll just set up a default project.
[info] 
[info] i  .firebaserc already has a default project, using my-new-ezhil-angular. 
[debug] [2021-02-19T12:23:28.283Z] >>> [apiv2][query] GET https://firebase.googleapis.com/v1beta1/projects/my-new-ezhil-angular [none]
[debug] [2021-02-19T12:23:28.753Z] <<< [apiv2][status] GET https://firebase.googleapis.com/v1beta1/projects/my-new-ezhil-angular 200
[debug] [2021-02-19T12:23:28.754Z] <<< [apiv2][body] GET https://firebase.googleapis.com/v1beta1/projects/my-new-ezhil-angular {"projectId":"my-new-ezhil-angular","projectNumber":"879729335528","displayName":"my-new-ezhil-angular","name":"projects/my-new-ezhil-angular","resources":{"hostingSite":"my-new-ezhil-angular"},"state":"ACTIVE"}
[info] 
=== Hosting Setup
[info] 
[info] Your public directory is the folder (relative to your project directory) that
[info] will contain Hosting assets to be uploaded with firebase deploy. If you
[info] have a build process for your assets, use your build's output directory.
[info] 
